<?xml version="1.0" encoding="UTF-8" ?>
<testsuite tests="41" failures="0" name="br.sp.rodolfo.runners.RunnerTest" time="0.367" errors="0" skipped="7">
  <properties>
[...]
</properties>
  <testcase classname="Cenario: Deve executar a especificao" name="Dado criei o arquivo corretamente" time="0.007"/>
  <testcase classname="Cenario: Deve executar a especificao" name="Quando executa-lo" time="0"/>
  <testcase classname="Cenario: Deve executar a especificao" name="Entao especificacao deve finalizar com sucesso" time="0.001"/>
  <testcase classname="Cenario: Deve executar a especificao" name="Cenario: Deve executar a especificao" time="0.003"/>
  <testcase classname="Cenario: Deve incrementar contador" name="Dado que o valor do contador e 15" time="0"/>
  <testcase classname="Cenario: Deve incrementar contador" name="Quando eu incrementar em 3" time="0"/>
  <testcase classname="Cenario: Deve incrementar contador" name="Entao o valor do contador sera 18" time="0"/>
  <testcase classname="Cenario: Deve incrementar contador" name="Cenario: Deve incrementar contador" time="0.005"/>
  <testcase classname="Cenario: Deve incrementar contador" name="Dado que o valor do contador e 123" time="0"/>
  <testcase classname="Cenario: Deve incrementar contador" name="Quando eu incrementar em 35" time="0"/>
  <testcase classname="Cenario: Deve incrementar contador" name="Entao o valor do contador sera 158" time="0.001"/>
  <testcase classname="Cenario: Deve incrementar contador" name="Cenario: Deve incrementar contador" time="0.002"/>
  <testcase classname="Cenario: Deve calcular atraso na entrega" name="Dado que a entrega é dia 05/04/2018" time="0"/>
  <testcase classname="Cenario: Deve calcular atraso na entrega" name="Quando a entrega atrasar em 2 dias" time="0"/>
  <testcase classname="Cenario: Deve calcular atraso na entrega" name="Entao a entrega sera feita dia 07/04/2018" time="0.001"/>
  <testcase classname="Cenario: Deve calcular atraso na entrega" name="Cenario: Deve calcular atraso na entrega" time="0.002"/>
  <testcase classname="Cenario: Deve calcular atraso na entrega da China" name="Dado que a entrega é dia 05/04/2018" time="0"/>
  <testcase classname="Cenario: Deve calcular atraso na entrega da China" name="Quando a entrega atrasar em 2 meses" time="0.001"/>
  <testcase classname="Cenario: Deve calcular atraso na entrega da China" name="Entao a entrega sera feita dia 05/06/2018" time="0"/>
  <testcase classname="Cenario: Deve calcular atraso na entrega da China" name="Cenario: Deve calcular atraso na entrega da China" time="0.003"/>
  <testcase classname="Cenário: Deve criar steps genéricos para estes passos" name="Dado que o ticket é AF345" time="0"/>
  <testcase classname="Cenário: Deve criar steps genéricos para estes passos" name="Dado que o valor da passagem é R$ 230,45" time="0"/>
  <testcase classname="Cenário: Deve criar steps genéricos para estes passos" name="Dado que o nome do passageiro é &quot;Fulano da Silva&quot;" time="0"/>
  <testcase classname="Cenário: Deve criar steps genéricos para estes passos" name="Dado que o telefone do passageiro é 9999-9999" time="0"/>
  <testcase classname="Cenário: Deve criar steps genéricos para estes passos" name="Quando criar os steps" time="0"/>
  <testcase classname="Cenário: Deve criar steps genéricos para estes passos" name="Então o teste vai funcionar" time="0"/>
  <testcase classname="Cenário: Deve criar steps genéricos para estes passos" name="Cenário: Deve criar steps genéricos para estes passos" time="0.002"/>
  <testcase classname="Cenário: Deve reaproveitar os steps &quot;Dado&quot; do cenário anterior" name="Dado que o ticket é AB167" time="0.004"/>
  <testcase classname="Cenário: Deve reaproveitar os steps &quot;Dado&quot; do cenário anterior" name="Dado que o ticket especial é AB167" time="0"/>
  <testcase classname="Cenário: Deve reaproveitar os steps &quot;Dado&quot; do cenário anterior" name="Dado que o valor da passagem é R$ 1120,23" time="0"/>
  <testcase classname="Cenário: Deve reaproveitar os steps &quot;Dado&quot; do cenário anterior" name="Dado que o nome do passageiro é &quot;Cicrano de Oliveira&quot;" time="0.003"/>
  <testcase classname="Cenário: Deve reaproveitar os steps &quot;Dado&quot; do cenário anterior" name="Dado que o telefone do passageiro é 9888-8888" time="0"/>
  <testcase classname="Cenário: Deve reaproveitar os steps &quot;Dado&quot; do cenário anterior" name="Cenário: Deve reaproveitar os steps &quot;Dado&quot; do cenário anterior" time="0.001"/>
  <testcase classname="Cenário: Deve negar todos os steps &quot;Dado&quot; dos cenários anteriores" name="Dado que o ticket é CD123" time="0.025">
    <skipped/>
    <system-out>
  Cenário: Deve reaproveitar os steps &quot;Dado&quot; do cenário anterior # src/test/resources/features/aprender_cucumber.feature:44
    Dado que o ticket é AB167                                    # AprenderCucumberSteps.que_o_ticket_é_AF(String,String)
    Dado que o ticket especial é AB167                           # AprenderCucumberSteps.que_o_ticket_é_AF(String,String)
    Dado que o valor da passagem é R$ 1120,23                    # AprenderCucumberSteps.que_o_valor_da_passagem_é_R$(Double)
    Dado que o nome do passageiro é &quot;Cicrano de Oliveira&quot;        # AprenderCucumberSteps.que_o_nome_do_passageiro_é(String)
    Dado que o telefone do passageiro é 9888-8888                # AprenderCucumberSteps.que_o_telefone_do_passageiro_é(String)
</system-out>
  </testcase>
  <testcase classname="Cenário: Deve negar todos os steps &quot;Dado&quot; dos cenários anteriores" name="Dado que o ticket é AG1234" time="0.03">
    <skipped/>
  </testcase>
  <testcase classname="Cenário: Deve negar todos os steps &quot;Dado&quot; dos cenários anteriores" name="Dado que o valor da passagem é R$ 1.1345,56" time="0.039">
    <skipped/>
  </testcase>
  <testcase classname="Cenário: Deve negar todos os steps &quot;Dado&quot; dos cenários anteriores" name="Dado que o nome do passageiro é &quot;Beltrano Souza Matos de Alcântara Azevedo&quot;" time="0.041">
    <skipped/>
  </testcase>
  <testcase classname="Cenário: Deve negar todos os steps &quot;Dado&quot; dos cenários anteriores" name="Dado que o telefone do passageiro é 1234-5678" time="0.046">
    <skipped/>
  </testcase>
  <testcase classname="Cenário: Deve negar todos os steps &quot;Dado&quot; dos cenários anteriores" name="Dado que o telefone do passageiro é 999-2223" time="0.049">
    <skipped/>
  </testcase>
  <testcase classname="Cenário: Deve negar todos os steps &quot;Dado&quot; dos cenários anteriores" name="Cenário: Deve negar todos os steps &quot;Dado&quot; dos cenários anteriores" time="0.05">
    <skipped/>
  </testcase>
  <testcase classname="Cenário: Deve negar todos os steps &quot;Dado&quot; dos cenários anteriores" name="Cenário: Deve negar todos os steps &quot;Dado&quot; dos cenários anteriores" time="0.051"/>
</testsuite>